2026-03-20 06:03 [INFO] FIRMWARE boot sequence checkpoint accepted; latency nominal
2026-03-20 06:04 [CRIT] ECCS8 runaway outlet temp; protection interlock triggered reactor trip
2026-03-20 06:05 [ERRO] FIRMWARE validation queue returned nonblocking faults; runtime constrained mode
2026-03-20 06:09 [INFO] FIRMWARE boot sequence checkpoint accepted; latency nominal
2026-03-20 06:13 [INFO] FIRMWARE sync token validated; runtime channel online
2026-03-20 06:14 [WARN] FIRMWARE watchdog delayed subsystem poll; retry timer active
2026-03-20 06:15 [INFO] FIRMWARE boot sequence checkpoint accepted; latency nominal
2026-03-20 06:16 [CRIT] WSTPOOL2 absorption path hit emergency boundary; heat rejection insufficient
2026-03-20 06:16 [INFO] FIRMWARE sync token validated; runtime channel online
2026-03-20 06:20 [INFO] FIRMWARE boot sequence checkpoint accepted; latency nominal
2026-03-20 06:21 [INFO] FIRMWARE sync token validated; runtime channel online
2026-03-20 06:24 [INFO] FIRMWARE sync token validated; runtime channel online
2026-03-20 06:25 [INFO] FIRMWARE boot sequence checkpoint accepted; latency nominal
2026-03-20 06:28 [INFO] FIRMWARE boot sequence checkpoint accepted; latency nominal
2026-03-20 06:30 [INFO] FIRMWARE sync token validated; runtime channel online
2026-03-20 06:31 [INFO] FIRMWARE boot sequence checkpoint accepted; latency nominal
2026-03-20 06:35 [INFO] FIRMWARE sync token validated; runtime channel online
2026-03-20 06:36 [ERRO] WTANK07 unstable refill trend; coolant inventory not guaranteed
2026-03-20 06:37 [ERRO] STMTURB12 feedback loop correction exceeded; reduced thermal conversion
2026-03-20 06:43 [INFO] FIRMWARE boot sequence checkpoint accepted; latency nominal
2026-03-20 06:43 [INFO] FIRMWARE sync token validated; runtime channel online
2026-03-20 06:44 [INFO] FIRMWARE sync token validated; runtime channel online
2026-03-20 06:45 [INFO] FIRMWARE sync token validated; runtime channel online
2026-03-20 06:48 [INFO] FIRMWARE sync token validated; runtime channel online
2026-03-20 06:53 [INFO] FIRMWARE nominal response during routine poll; sequence continues
2026-03-20 06:53 [INFO] FIRMWARE sync token validated; runtime channel online
2026-03-20 07:24 [ERRO] WTRPMP suction inconsistent with coolant volume; mechanical stress rising
2026-03-20 07:31 [WARN] FIRMWARE trend outside preferred startup envelope; monitoring intensity increased
2026-03-20 07:43 [INFO] FIRMWARE telemetry sample accepted; startup profile within range
2026-03-20 08:00 [CRIT] ECCS8 core cooling fails to maintain safe gradient; protection required
2026-03-20 08:29 [ERRO] ECCS8 cooling efficiency dropped below target; compensation failed
2026-03-20 10:15 [CRIT] WTANK07 coolant level below critical; shutdown logic advanced
2026-03-20 11:02 [CRIT] WTRPMP lost stable prime under peak demand; core loop at risk
2026-03-20 11:27 [ERRO] WTRPMP repeated cavitation; output pressure unstable
2026-03-20 12:10 [WARN] FIRMWARE watchdog delayed subsystem poll; retry timer active
2026-03-20 12:51 [CRIT] FIRMWARE emergency guard mode after repeat faults; manual override locked
2026-03-20 12:56 [CRIT] STMTURB12 decoupling forced by thermal risk; energy conversion terminated
2026-03-20 13:17 [WARN] FIRMWARE watchdog delayed subsystem poll; retry timer active
2026-03-20 13:35 [ERRO] FIRMWARE cross-check with hardware interface map failed; compatibility unresolved
2026-03-20 13:38 [CRIT] PWR01 feed unstable; critical loads shedding
2026-03-20 14:52 [CRIT] FIRMWARE safety bootstrap missing SAFETY_CHECK=pass; restricted validation mode
2026-03-20 14:57 [CRIT] FIRMWARE emergency guard branch entered after repeated faults; manual override locked
2026-03-20 16:07 [CRIT] WSTPOOL2 critical protection state startup; shutdown safeguards active
2026-03-20 16:59 [WARN] FIRMWARE watchdog delayed subsystem poll; retry timer active
2026-03-20 17:21 [CRIT] ECCS8 runaway outlet temp; reactor trip triggered
2026-03-20 17:22 [CRIT] FIRMWARE emergency guard branch entered after repeated faults; manual override locked
2026-03-20 18:49 [ERRO] FIRMWARE validation queue returned nonblocking faults; runtime constrained mode
2026-03-20 21:37 [CRIT] Final trip: WTANK07 under critical level; FIRMWARE confirms safe shutdown
